<?xml version="1.0" encoding="UTF-8"?>
<!-- Generated by org.testng.reporters.JUnitReportReporter -->
<testsuite name="RestAssured.Tests.GetBookingDetails" tests="1" time="1.235" ignored="0" failures="0" timestamp="07 Apr 2023 11:20:01 GMT" skipped="0" hostname="VIMU-BLR-01" errors="0">
  <testcase name="getBookingDetails" time="1.235" classname="RestAssured.Tests.GetBookingDetails"/>
</testsuite> <!-- RestAssured.Tests.GetBookingDetails -->
