<?xml version="1.0" encoding="UTF-8"?>
<!-- Generated by org.testng.reporters.JUnitReportReporter -->
<testsuite name="RestAssured.Tests.CreateBookingUsingTextFile" tests="1" time="1.225" ignored="0" failures="0" timestamp="06 Apr 2023 10:53:06 GMT" skipped="0" hostname="VIMU-BLR-01" errors="0">
  <testcase name="postAPIRequest" time="1.225" classname="RestAssured.Tests.CreateBookingUsingTextFile"/>
</testsuite> <!-- RestAssured.Tests.CreateBookingUsingTextFile -->
