<?xml version="1.0" encoding="UTF-8"?>
<!-- Generated by org.testng.reporters.JUnitReportReporter -->
<testsuite name="RestAssured.Tests.CreateBookingRequest" tests="1" time="2.959" ignored="0" failures="0" timestamp="07 Apr 2023 11:20:01 GMT" skipped="0" hostname="VIMU-BLR-01" errors="0">
  <testcase name="postBookingRequest" time="2.959" classname="RestAssured.Tests.CreateBookingRequest"/>
</testsuite> <!-- RestAssured.Tests.CreateBookingRequest -->
