<?xml version="1.0" encoding="UTF-8"?>
<!-- Generated by org.testng.reporters.JUnitReportReporter -->
<testsuite name="RestAssured.Tests.CreateBookingUsingPojoClasses" tests="1" time="2.869" ignored="0" failures="0" timestamp="06 Apr 2023 10:53:06 GMT" skipped="0" hostname="VIMU-BLR-01" errors="0">
  <testcase name="createBookingWithPojo" time="2.869" classname="RestAssured.Tests.CreateBookingUsingPojoClasses"/>
</testsuite> <!-- RestAssured.Tests.CreateBookingUsingPojoClasses -->
