<?xml version="1.0" encoding="UTF-8"?>
<!-- Generated by org.testng.reporters.JUnitReportReporter -->
<testsuite name="RestAssured.Tests.UpdateBookingDetaiils" tests="1" time="1.211" ignored="0" failures="0" timestamp="07 Apr 2023 11:20:01 GMT" skipped="0" hostname="VIMU-BLR-01" errors="0">
  <testcase name="updateBooking" time="1.211" classname="RestAssured.Tests.UpdateBookingDetaiils"/>
</testsuite> <!-- RestAssured.Tests.UpdateBookingDetaiils -->
