<?xml version="1.0" encoding="UTF-8"?>
<!-- Generated by org.testng.reporters.JUnitReportReporter -->
<testsuite name="RestAssured.Tests.DeleteAPIRequest" tests="1" time="1.229" ignored="0" failures="0" timestamp="07 Apr 2023 11:20:01 GMT" skipped="0" hostname="VIMU-BLR-01" errors="0">
  <testcase name="deleteAPI" time="1.229" classname="RestAssured.Tests.DeleteAPIRequest"/>
</testsuite> <!-- RestAssured.Tests.DeleteAPIRequest -->
