<?xml version="1.0" encoding="UTF-8"?>
<!-- Generated by org.testng.reporters.JUnitReportReporter -->
<testsuite name="RestAssured.Tests.CreateBookingUsingTextFile" tests="1" time="2.807" ignored="0" failures="0" timestamp="05 Apr 2023 12:45:20 GMT" skipped="0" hostname="VIMU-BLR-01" errors="0">
  <testcase name="postAPIRequest" time="2.807" classname="RestAssured.Tests.CreateBookingUsingTextFile"/>
</testsuite> <!-- RestAssured.Tests.CreateBookingUsingTextFile -->
