<?xml version="1.0" encoding="UTF-8"?>
<!-- Generated by org.testng.reporters.JUnitReportReporter -->
<testsuite name="RestAssured.Tests.GetAllBookingIDs" tests="1" time="2.024" ignored="0" failures="0" timestamp="05 Apr 2023 11:11:58 GMT" skipped="0" hostname="VIMU-BLR-01" errors="0">
  <testcase name="getAllBookingID" time="2.024" classname="RestAssured.Tests.GetAllBookingIDs"/>
</testsuite> <!-- RestAssured.Tests.GetAllBookingIDs -->
